%!Adobe-FontList 1.19
%Locale:0x419

%BeginFont
Handler:DirectoryHandler
FontType:Type1
FontName:MinionPro-Bold
FamilyName:Minion Pro
StyleName:Bold
FullName:Minion Pro Bold
MenuName:Minion Pro
StyleBits:2
WritingScript:Roman
OutlineFileName:G:\git-bit-pakage-201803\QM table-chart\table-chart Folder\Document fonts\MinionPro-Bold.otf
DataFormat:sfntData
UsesStandardEncoding:yes
isCFF:yes
hasSVG:no
VariableFontType:NonVariableFont
FileLength:218116
FileModTime:1361520980
WeightClass:700
WidthClass:5
AngleClass:0
DesignSize:110
NameArray:0,Mac,4,Minion Pro Bold
NameArray:0,Win,1,Minion Pro
%EndFont

%BeginFont
Handler:DirectoryHandler
FontType:Type1
FontName:MinionPro-Regular
FamilyName:Minion Pro
StyleName:Regular
FullName:Minion Pro
MenuName:Minion Pro
StyleBits:0
WritingScript:Roman
OutlineFileName:G:\git-bit-pakage-201803\QM table-chart\table-chart Folder\Document fonts\MinionPro-Regular.otf
DataFormat:sfntData
UsesStandardEncoding:yes
isCFF:yes
hasSVG:no
VariableFontType:NonVariableFont
FileLength:218640
FileModTime:1361520980
WeightClass:400
WidthClass:5
AngleClass:0
DesignSize:110
NameArray:0,Mac,4,Minion Pro
NameArray:0,Win,1,Minion Pro
%EndFont

%BeginFont
Handler:DirectoryHandler
FontType:TrueType
FontName:Roboto-Italic
FamilyName:Roboto
StyleName:Italic
FullName:Roboto Italic
MenuName:Roboto
StyleBits:1
WritingScript:Roman
OutlineFileName:G:\git-bit-pakage-201803\QM table-chart\table-chart Folder\Document fonts\Roboto-Italic.ttf
DataFormat:sfntData
hasSVG:no
VariableFontType:NonVariableFont
FileLength:173932
FileModTime:1357675200
WeightClass:400
WidthClass:5
AngleClass:1
NameArray:0,Mac,4,Roboto Italic
NameArray:0,Win,1,Roboto
%EndFont

%BeginFont
Handler:DirectoryHandler
FontType:TrueType
FontName:Roboto-Light
FamilyName:Roboto
StyleName:Light
FullName:Roboto Light
MenuName:Roboto Light
StyleBits:0
WritingScript:Roman
OutlineFileName:G:\git-bit-pakage-201803\QM table-chart\table-chart Folder\Document fonts\Roboto-Light.ttf
DataFormat:sfntData
hasSVG:no
VariableFontType:NonVariableFont
FileLength:170420
FileModTime:1357675200
WeightClass:300
WidthClass:5
AngleClass:0
NameArray:0,Mac,4,Roboto Light
NameArray:0,Win,1,Roboto Light
NameArray:0,Win,16,Roboto
%EndFont

%BeginFont
Handler:DirectoryHandler
FontType:TrueType
FontName:Roboto-Regular
FamilyName:Roboto
StyleName:Regular
FullName:Roboto
MenuName:Roboto
StyleBits:0
WritingScript:Roman
OutlineFileName:G:\git-bit-pakage-201803\QM table-chart\table-chart Folder\Document fonts\Roboto-Regular.ttf
DataFormat:sfntData
hasSVG:no
VariableFontType:NonVariableFont
FileLength:171676
FileModTime:1357675200
WeightClass:400
WidthClass:5
AngleClass:0
NameArray:0,Mac,4,Roboto
NameArray:0,Win,1,Roboto
%EndFont

