%!Adobe-FontList 1.19
%Locale:0x419

%BeginFont
Handler:DirectoryHandler
FontType:Type1
FontName:MinionPro-Regular
FamilyName:Minion Pro
StyleName:Regular
FullName:Minion Pro
MenuName:Minion Pro
StyleBits:0
WritingScript:Roman
OutlineFileName:G:\LL\MDB-sheet\MDB-sheet Folder\Document fonts\MinionPro-Regular.otf
DataFormat:sfntData
UsesStandardEncoding:yes
isCFF:yes
hasSVG:no
VariableFontType:NonVariableFont
FileLength:218640
FileModTime:1361520980
WeightClass:400
WidthClass:5
AngleClass:0
DesignSize:110
NameArray:0,Mac,4,Minion Pro
NameArray:0,Win,1,Minion Pro
%EndFont

%BeginFont
Handler:DirectoryHandler
FontType:TrueType
FontName:Roboto-Bold
FamilyName:Roboto
StyleName:Bold
FullName:Roboto Bold
MenuName:Roboto
StyleBits:2
WritingScript:Roman
OutlineFileName:G:\LL\MDB-sheet\MDB-sheet Folder\Document fonts\Roboto-Bold.ttf
DataFormat:sfntData
hasSVG:no
VariableFontType:NonVariableFont
FileLength:170760
FileModTime:1357675200
WeightClass:700
WidthClass:5
AngleClass:0
NameArray:0,Mac,4,Roboto Bold
NameArray:0,Win,1,Roboto
%EndFont

%BeginFont
Handler:DirectoryHandler
FontType:TrueType
FontName:Roboto-Italic
FamilyName:Roboto
StyleName:Italic
FullName:Roboto Italic
MenuName:Roboto
StyleBits:1
WritingScript:Roman
OutlineFileName:G:\LL\MDB-sheet\MDB-sheet Folder\Document fonts\Roboto-Italic.ttf
DataFormat:sfntData
hasSVG:no
VariableFontType:NonVariableFont
FileLength:173932
FileModTime:1357675200
WeightClass:400
WidthClass:5
AngleClass:1
NameArray:0,Mac,4,Roboto Italic
NameArray:0,Win,1,Roboto
%EndFont

%BeginFont
Handler:DirectoryHandler
FontType:TrueType
FontName:Roboto-Medium
FamilyName:Roboto
StyleName:Medium
FullName:Roboto Medium
MenuName:Roboto Medium
StyleBits:0
WritingScript:Roman
OutlineFileName:G:\LL\MDB-sheet\MDB-sheet Folder\Document fonts\Roboto-Medium.ttf
DataFormat:sfntData
hasSVG:no
VariableFontType:NonVariableFont
FileLength:172064
FileModTime:1357675200
WeightClass:500
WidthClass:5
AngleClass:0
NameArray:0,Mac,4,Roboto Medium
NameArray:0,Win,1,Roboto Medium
NameArray:0,Win,16,Roboto
%EndFont

%BeginFont
Handler:DirectoryHandler
FontType:TrueType
FontName:Roboto-Regular
FamilyName:Roboto
StyleName:Regular
FullName:Roboto
MenuName:Roboto
StyleBits:0
WritingScript:Roman
OutlineFileName:G:\LL\MDB-sheet\MDB-sheet Folder\Document fonts\Roboto-Regular.ttf
DataFormat:sfntData
hasSVG:no
VariableFontType:NonVariableFont
FileLength:171676
FileModTime:1357675200
WeightClass:400
WidthClass:5
AngleClass:0
NameArray:0,Mac,4,Roboto
NameArray:0,Win,1,Roboto
%EndFont

%BeginFont
Handler:DirectoryHandler
FontType:TrueType
FontName:Roboto-Thin
FamilyName:Roboto
StyleName:Thin
FullName:Roboto Thin
MenuName:Roboto Thin
StyleBits:0
WritingScript:Roman
OutlineFileName:G:\LL\MDB-sheet\MDB-sheet Folder\Document fonts\Roboto-Thin.ttf
DataFormat:sfntData
hasSVG:no
VariableFontType:NonVariableFont
FileLength:171904
FileModTime:1357675200
WeightClass:250
WidthClass:5
AngleClass:0
NameArray:0,Mac,4,Roboto Thin
NameArray:0,Win,1,Roboto Thin
NameArray:0,Win,16,Roboto
%EndFont

